{"content": {"suites": {"0": {"status": {"total_pass": 0, "total_skip": 0, "total_xpass": 0, "total_xfail": 0, "total_rerun": 0, "total_fail": 2, "total_error": 0}, "tests": {"0": {"status": "FAIL", "message": "   selenium.common.exceptions.TimeoutException: Message:\n", "test_name": "test_success_login", "rerun": "0"}, "1": {"status": "FAIL", "message": "   selenium.common.exceptions.NoSuchWindowException: Message: no such window: target window already closed\n   from unknown error: web view not found\n     (Session info: chrome=114.0.5735.135)\n   Stacktrace:\n   Backtrace:\n   \tGetHandleVerifier [0x007FA813+48355]\n   \t(No symbol) [0x0078C4B1]\n   \t(No symbol) [0x00695358]\n   \t(No symbol) [0x0067D293]\n   \t(No symbol) [0x006DE37B]\n   \t(No symbol) [0x006EC473]\n   \t(No symbol) [0x006DA536]\n   \t(No symbol) [0x006B82DC]\n   \t(No symbol) [0x006B93DD]\n   \tGetHandleVerifier [0x00A5AABD+2539405]\n   \tGetHandleVerifier [0x00A9A78F+2800735]\n   \tGetHandleVerifier [0x00A9456C+2775612]\n   \tGetHandleVerifier [0x008851E0+616112]\n   \t(No symbol) [0x00795F8C]\n   \t(No symbol) [0x00792328]\n   \t(No symbol) [0x0079240B]\n   \t(No symbol) [0x00784FF7]\n   \tBaseThreadInitThunk [0x75D200C9+25]\n   \tRtlGetAppContainerNamedObjectPath [0x778D7B4E+286]\n   \tRtlGetAppContainerNamedObjectPath [0x778D7B1E+238]\n", "test_name": "test_check_tourist_inventory", "rerun": "0"}}, "suite_name": "web_tests/scenarios/test_check_tourist_inventory.py"}}}, "date": "June 29, 2023", "start_time": 1688063986.4648793, "total_suite": 1, "status": "FAIL", "status_list": {"pass": "0", "fail": "2", "skip": "0", "error": "0", "xpass": "0", "xfail": "0", "rerun": "0"}, "total_tests": "2"}