{"content": {"suites": {"0": {"status": {"total_pass": 0, "total_skip": 0, "total_xpass": 0, "total_xfail": 0, "total_rerun": 0, "total_fail": 1, "total_error": 0}, "tests": {"0": {"status": "FAIL", "message": "   selenium.common.exceptions.NoSuchWindowException: Message: no such window: target window already closed\n   from unknown error: web view not found\n     (Session info: chrome=114.0.5735.135)\n   Stacktrace:\n   Backtrace:\n   \tGetHandleVerifier [0x0099A813+48355]\n   \t(No symbol) [0x0092C4B1]\n   \t(No symbol) [0x00835358]\n   \t(No symbol) [0x0081D293]\n   \t(No symbol) [0x0087E37B]\n   \t(No symbol) [0x0088C473]\n   \t(No symbol) [0x0087A536]\n   \t(No symbol) [0x008582DC]\n   \t(No symbol) [0x008593DD]\n   \tGetHandleVerifier [0x00BFAABD+2539405]\n   \tGetHandleVerifier [0x00C3A78F+2800735]\n   \tGetHandleVerifier [0x00C3456C+2775612]\n   \tGetHandleVerifier [0x00A251E0+616112]\n   \t(No symbol) [0x00935F8C]\n   \t(No symbol) [0x00932328]\n   \t(No symbol) [0x0093240B]\n   \t(No symbol) [0x00924FF7]\n   \tBaseThreadInitThunk [0x75D200C9+25]\n   \tRtlGetAppContainerNamedObjectPath [0x778D7B4E+286]\n   \tRtlGetAppContainerNamedObjectPath [0x778D7B1E+238]\n", "test_name": "test_change_language", "rerun": "0"}}, "suite_name": "web_tests/scenarios/test_change_language.py"}, "1": {"suite_name": "web_tests/scenarios/test_check_cream_results.py", "tests": {"0": {"status": "FAIL", "message": "   selenium.common.exceptions.NoSuchWindowException: Message: no such window: target window already closed\n   from unknown error: web view not found\n     (Session info: chrome=114.0.5735.135)\n   Stacktrace:\n   Backtrace:\n   \tGetHandleVerifier [0x0099A813+48355]\n   \t(No symbol) [0x0092C4B1]\n   \t(No symbol) [0x00835358]\n   \t(No symbol) [0x0081D293]\n   \t(No symbol) [0x0087E37B]\n   \t(No symbol) [0x0088C473]\n   \t(No symbol) [0x0087A536]\n   \t(No symbol) [0x008582DC]\n   \t(No symbol) [0x008593DD]\n   \tGetHandleVerifier [0x00BFAABD+2539405]\n   \tGetHandleVerifier [0x00C3A78F+2800735]\n   \tGetHandleVerifier [0x00C3456C+2775612]\n   \tGetHandleVerifier [0x00A251E0+616112]\n   \t(No symbol) [0x00935F8C]\n   \t(No symbol) [0x00932328]\n   \t(No symbol) [0x0093240B]\n   \t(No symbol) [0x00924FF7]\n   \tBaseThreadInitThunk [0x75D200C9+25]\n   \tRtlGetAppContainerNamedObjectPath [0x778D7B4E+286]\n   \tRtlGetAppContainerNamedObjectPath [0x778D7B1E+238]\n", "test_name": "test_check_cream_results", "rerun": "0"}}, "status": {"total_pass": 0, "total_skip": 0, "total_xpass": 0, "total_xfail": 0, "total_rerun": 0, "total_fail": 1, "total_error": 0}}, "2": {"suite_name": "web_tests/scenarios/test_check_tourist_inventory.py", "tests": {"0": {"status": "FAIL", "message": "   selenium.common.exceptions.NoSuchWindowException: Message: no such window: target window already closed\n   from unknown error: web view not found\n     (Session info: chrome=114.0.5735.135)\n   Stacktrace:\n   Backtrace:\n   \tGetHandleVerifier [0x0099A813+48355]\n   \t(No symbol) [0x0092C4B1]\n   \t(No symbol) [0x00835358]\n   \t(No symbol) [0x0081D293]\n   \t(No symbol) [0x0087E37B]\n   \t(No symbol) [0x0088C473]\n   \t(No symbol) [0x0087A536]\n   \t(No symbol) [0x008582DC]\n   \t(No symbol) [0x008593DD]\n   \tGetHandleVerifier [0x00BFAABD+2539405]\n   \tGetHandleVerifier [0x00C3A78F+2800735]\n   \tGetHandleVerifier [0x00C3456C+2775612]\n   \tGetHandleVerifier [0x00A251E0+616112]\n   \t(No symbol) [0x00935F8C]\n   \t(No symbol) [0x00932328]\n   \t(No symbol) [0x0093240B]\n   \t(No symbol) [0x00924FF7]\n   \tBaseThreadInitThunk [0x75D200C9+25]\n   \tRtlGetAppContainerNamedObjectPath [0x778D7B4E+286]\n   \tRtlGetAppContainerNamedObjectPath [0x778D7B1E+238]\n", "test_name": "test_success_login", "rerun": "0"}, "1": {"status": "FAIL", "message": "   selenium.common.exceptions.NoSuchWindowException: Message: no such window: target window already closed\n   from unknown error: web view not found\n     (Session info: chrome=114.0.5735.135)\n   Stacktrace:\n   Backtrace:\n   \tGetHandleVerifier [0x0099A813+48355]\n   \t(No symbol) [0x0092C4B1]\n   \t(No symbol) [0x00835358]\n   \t(No symbol) [0x0081D293]\n   \t(No symbol) [0x0087E37B]\n   \t(No symbol) [0x0088C473]\n   \t(No symbol) [0x0087A536]\n   \t(No symbol) [0x008582DC]\n   \t(No symbol) [0x008593DD]\n   \tGetHandleVerifier [0x00BFAABD+2539405]\n   \tGetHandleVerifier [0x00C3A78F+2800735]\n   \tGetHandleVerifier [0x00C3456C+2775612]\n   \tGetHandleVerifier [0x00A251E0+616112]\n   \t(No symbol) [0x00935F8C]\n   \t(No symbol) [0x00932328]\n   \t(No symbol) [0x0093240B]\n   \t(No symbol) [0x00924FF7]\n   \tBaseThreadInitThunk [0x75D200C9+25]\n   \tRtlGetAppContainerNamedObjectPath [0x778D7B4E+286]\n   \tRtlGetAppContainerNamedObjectPath [0x778D7B1E+238]\n", "test_name": "test_check_tourist_inventory", "rerun": "0"}}, "status": {"total_pass": 0, "total_skip": 0, "total_xpass": 0, "total_xfail": 0, "total_rerun": 0, "total_fail": 2, "total_error": 0}}, "3": {"suite_name": "web_tests/scenarios/test_success_login.py", "tests": {"0": {"status": "FAIL", "message": "   selenium.common.exceptions.NoSuchWindowException: Message: no such window: target window already closed\n   from unknown error: web view not found\n     (Session info: chrome=114.0.5735.135)\n   Stacktrace:\n   Backtrace:\n   \tGetHandleVerifier [0x0099A813+48355]\n   \t(No symbol) [0x0092C4B1]\n   \t(No symbol) [0x00835358]\n   \t(No symbol) [0x0081D293]\n   \t(No symbol) [0x0087E37B]\n   \t(No symbol) [0x0088C473]\n   \t(No symbol) [0x0087A536]\n   \t(No symbol) [0x008582DC]\n   \t(No symbol) [0x008593DD]\n   \tGetHandleVerifier [0x00BFAABD+2539405]\n   \tGetHandleVerifier [0x00C3A78F+2800735]\n   \tGetHandleVerifier [0x00C3456C+2775612]\n   \tGetHandleVerifier [0x00A251E0+616112]\n   \t(No symbol) [0x00935F8C]\n   \t(No symbol) [0x00932328]\n   \t(No symbol) [0x0093240B]\n   \t(No symbol) [0x00924FF7]\n   \tBaseThreadInitThunk [0x75D200C9+25]\n   \tRtlGetAppContainerNamedObjectPath [0x778D7B4E+286]\n   \tRtlGetAppContainerNamedObjectPath [0x778D7B1E+238]\n", "test_name": "test_success_login", "rerun": "0"}}, "status": {"total_pass": 0, "total_skip": 0, "total_xpass": 0, "total_xfail": 0, "total_rerun": 0, "total_fail": 1, "total_error": 0}}}}, "date": "June 28, 2023", "start_time": 1687955314.4537494, "total_suite": 4, "status": "FAIL", "status_list": {"pass": "0", "fail": "5", "skip": "0", "error": "0", "xpass": "0", "xfail": "0", "rerun": "0"}, "total_tests": "5"}